<?xml version="1.0" encoding="UTF-8"?>
<!-- Generated by org.testng.reporters.JUnitXMLReporter -->
<testsuite ignored="0" hostname="SYSR159" failures="0" tests="3" name="Default test" time="43.649" errors="0" timestamp="2022-01-24T15:42:44 IST">
  <testcase classname="SeleniumJavaFramework.ReachHealthTests" name="loginToReachHealthWithInvalidCredentials" time="1.261"/>
  <testcase classname="SeleniumJavaFramework.ReachHealthTests" name="loginToReachHealthWithValidCredentials" time="6.516"/>
  <testcase classname="SeleniumJavaFramework.ReachHealthTests" name="validateAllPageTabs" time="11.858"/>
</testsuite> <!-- Default test -->
