<?xml version="1.0" encoding="UTF-8"?>
<!-- Generated by org.testng.reporters.JUnitXMLReporter -->
<testsuite ignored="0" hostname="SYSR159" failures="0" tests="2" name="Test" time="36.097" errors="0" timestamp="2021-12-01T10:31:20 IST">
  <testcase classname="SeleniumJavaFramework.ReachHealthTests" name="loginToReachHealthWithInvalidCredentials" time="2.409"/>
  <testcase classname="SeleniumJavaFramework.ReachHealthTests" name="loginToReachHealthWithValidCredentials" time="7.119"/>
</testsuite> <!-- Test -->
