<?xml version="1.0" encoding="UTF-8"?>
<!-- Generated by org.testng.reporters.JUnitXMLReporter -->
<testsuite hostname="SYSR159" ignored="0" name="Test" tests="2" failures="0" timestamp="2021-12-16T11:29:49 IST" time="30.424" errors="0">
  <testcase name="loginToReachHealthWithInvalidCredentials" time="2.459" classname="SeleniumJavaFramework.ReachHealthTests"/>
  <testcase name="loginToReachHealthWithValidCredentials" time="6.781" classname="SeleniumJavaFramework.ReachHealthTests"/>
</testsuite> <!-- Test -->
