<?xml version="1.0" encoding="UTF-8"?>
<testng-results skipped="0" failed="0" ignored="0" total="2" passed="2">
  <reporter-output>
  </reporter-output>
  <suite name="Suite" duration-ms="30424" started-at="2021-12-16T11:29:19 IST" finished-at="2021-12-16T11:29:49 IST">
    <groups>
    </groups>
    <test name="Test" duration-ms="30424" started-at="2021-12-16T11:29:19 IST" finished-at="2021-12-16T11:29:49 IST">
      <class name="SeleniumJavaFramework.ReachHealthTests">
        <test-method status="PASS" signature="setUp()[pri:0, instance:SeleniumJavaFramework.ReachHealthTests@10feca44]" name="setUp" is-config="true" duration-ms="15058" started-at="2021-12-16T11:29:19 IST" finished-at="2021-12-16T11:29:34 IST">
          <reporter-output>
          </reporter-output>
        </test-method> <!-- setUp -->
        <test-method status="PASS" signature="loginToReachHealthWithInvalidCredentials()[pri:0, instance:SeleniumJavaFramework.ReachHealthTests@10feca44]" name="loginToReachHealthWithInvalidCredentials" duration-ms="2459" started-at="2021-12-16T11:29:34 IST" finished-at="2021-12-16T11:29:36 IST">
          <reporter-output>
          </reporter-output>
        </test-method> <!-- loginToReachHealthWithInvalidCredentials -->
        <test-method status="PASS" signature="tearDown()[pri:0, instance:SeleniumJavaFramework.ReachHealthTests@10feca44]" name="tearDown" is-config="true" duration-ms="635" started-at="2021-12-16T11:29:36 IST" finished-at="2021-12-16T11:29:37 IST">
          <reporter-output>
          </reporter-output>
        </test-method> <!-- tearDown -->
        <test-method status="PASS" signature="setUp()[pri:0, instance:SeleniumJavaFramework.ReachHealthTests@10feca44]" name="setUp" is-config="true" duration-ms="4820" started-at="2021-12-16T11:29:37 IST" finished-at="2021-12-16T11:29:42 IST">
          <reporter-output>
          </reporter-output>
        </test-method> <!-- setUp -->
        <test-method status="PASS" signature="loginToReachHealthWithValidCredentials(java.lang.String,java.lang.String)[pri:0, instance:SeleniumJavaFramework.ReachHealthTests@10feca44]" name="loginToReachHealthWithValidCredentials" duration-ms="6781" started-at="2021-12-16T11:29:42 IST" data-provider="getData" finished-at="2021-12-16T11:29:48 IST">
          <params>
            <param index="0">
              <value>
                <![CDATA[Pavan.goundla+2210@zenq.com]]>
              </value>
            </param>
            <param index="1">
              <value>
                <![CDATA[Pavan@123]]>
              </value>
            </param>
          </params>
          <reporter-output>
          </reporter-output>
        </test-method> <!-- loginToReachHealthWithValidCredentials -->
        <test-method status="PASS" signature="tearDown()[pri:0, instance:SeleniumJavaFramework.ReachHealthTests@10feca44]" name="tearDown" is-config="true" duration-ms="599" started-at="2021-12-16T11:29:48 IST" finished-at="2021-12-16T11:29:49 IST">
          <reporter-output>
          </reporter-output>
        </test-method> <!-- tearDown -->
      </class> <!-- SeleniumJavaFramework.ReachHealthTests -->
    </test> <!-- Test -->
  </suite> <!-- Suite -->
</testng-results>
