<?xml version="1.0" encoding="UTF-8"?>
<testsuite xmlns:xsi="http://www.w3.org/2001/XMLSchema-instance" xsi:noNamespaceSchemaLocation="https://maven.apache.org/surefire/maven-surefire-plugin/xsd/surefire-test-report-3.0.xsd" version="3.0" name="TestSuite" time="41.343" tests="2" errors="0" skipped="0" failures="0">
  <properties>
[...]
</properties>
  <testcase name="loginToReachHealthWithInvalidCredentials" classname="SeleniumJavaFramework.ReachHealthTests" time="2.581">
    <system-out><![CDATA[chrome
Page title name is REACHHealth
Incorrect email or password
]]></system-out>
    <system-err><![CDATA[Starting ChromeDriver 95.0.4638.17 (a9d0719444d4b035e284ed1fce73bf6ccd789df2-refs/branch-heads/4638@{#178}) on port 42500
Only local connections are allowed.
Please see https://chromedriver.chromium.org/security-considerations for suggestions on keeping ChromeDriver safe.
ChromeDriver was started successfully.
[1638445479.459][WARNING]: This version of ChromeDriver has not been tested with Chrome version 96.
Dec 02, 2021 5:14:40 PM org.openqa.selenium.remote.ProtocolHandshake createSession
INFO: Detected dialect: W3C
]]></system-err>
  </testcase>
  <testcase name="loginToReachHealthWithValidCredentials[Pavan.goundla+2210@zenq.com, Pavan@123](1)" classname="SeleniumJavaFramework.ReachHealthTests" time="8.281">
    <system-out><![CDATA[chrome
Page title name is REACHHealth
]]></system-out>
    <system-err><![CDATA[Starting ChromeDriver 95.0.4638.17 (a9d0719444d4b035e284ed1fce73bf6ccd789df2-refs/branch-heads/4638@{#178}) on port 30606
Only local connections are allowed.
Please see https://chromedriver.chromium.org/security-considerations for suggestions on keeping ChromeDriver safe.
ChromeDriver was started successfully.
[1638445492.736][WARNING]: This version of ChromeDriver has not been tested with Chrome version 96.
Dec 02, 2021 5:14:52 PM org.openqa.selenium.remote.ProtocolHandshake createSession
INFO: Detected dialect: W3C
]]></system-err>
  </testcase>
</testsuite>