<?xml version="1.0" encoding="UTF-8"?>
<testsuite xmlns:xsi="http://www.w3.org/2001/XMLSchema-instance" xsi:noNamespaceSchemaLocation="https://maven.apache.org/surefire/maven-surefire-plugin/xsd/surefire-test-report-3.0.xsd" version="3.0" name="TestSuite" time="445.266" tests="20" errors="0" skipped="0" failures="0">
  <properties>
[...]
</properties>
  <testcase name="TC01_loginToReachHealthWithValidCredentials[Pavan.goundla+2210@zenq.com, Pavan@123](1)" classname="SeleniumJavaFramework.ReachHealthTests" time="9.279">
    <system-out><![CDATA[chrome
Page title name is REACHHealth
]]></system-out>
    <system-err><![CDATA[Starting ChromeDriver 97.0.4692.71 (adefa7837d02a07a604c1e6eff0b3a09422ab88d-refs/branch-heads/4692@{#1247}) on port 35154
Only local connections are allowed.
Please see https://chromedriver.chromium.org/security-considerations for suggestions on keeping ChromeDriver safe.
ChromeDriver was started successfully.
[1644759099.533][WARNING]: This version of ChromeDriver has not been tested with Chrome version 98.
Feb 13, 2022 7:01:39 PM org.openqa.selenium.remote.ProtocolHandshake createSession
INFO: Detected dialect: W3C
]]></system-err>
  </testcase>
  <testcase name="TC02_loginToReachHealthWithInvalidCredentials" classname="SeleniumJavaFramework.ReachHealthTests" time="1.188">
    <system-out><![CDATA[chrome
Page title name is REACHHealth
Incorrect email or password
]]></system-out>
    <system-err><![CDATA[Starting ChromeDriver 97.0.4692.71 (adefa7837d02a07a604c1e6eff0b3a09422ab88d-refs/branch-heads/4692@{#1247}) on port 1607
Only local connections are allowed.
Please see https://chromedriver.chromium.org/security-considerations for suggestions on keeping ChromeDriver safe.
ChromeDriver was started successfully.
[1644759119.128][WARNING]: This version of ChromeDriver has not been tested with Chrome version 98.
Feb 13, 2022 7:01:59 PM org.openqa.selenium.remote.ProtocolHandshake createSession
INFO: Detected dialect: W3C
]]></system-err>
  </testcase>
  <testcase name="TC03_validateAllPageTabs[Pavan.goundla+2210@zenq.com, Pavan@123](1)" classname="SeleniumJavaFramework.ReachHealthTests" time="9.208">
    <system-out><![CDATA[chrome
Page title name is REACHHealth
]]></system-out>
    <system-err><![CDATA[Starting ChromeDriver 97.0.4692.71 (adefa7837d02a07a604c1e6eff0b3a09422ab88d-refs/branch-heads/4692@{#1247}) on port 39034
Only local connections are allowed.
Please see https://chromedriver.chromium.org/security-considerations for suggestions on keeping ChromeDriver safe.
ChromeDriver was started successfully.
[1644759129.715][WARNING]: This version of ChromeDriver has not been tested with Chrome version 98.
Feb 13, 2022 7:02:09 PM org.openqa.selenium.remote.ProtocolHandshake createSession
INFO: Detected dialect: W3C
]]></system-err>
  </testcase>
  <testcase name="TC04_verifyDashboardPageSections[Pavan.goundla+2210@zenq.com, Pavan@123](1)" classname="SeleniumJavaFramework.ReachHealthTests" time="9.203">
    <system-out><![CDATA[chrome
Page title name is REACHHealth
Quealth
Health balance
Question
Risk factors
Achievements
]]></system-out>
    <system-err><![CDATA[Starting ChromeDriver 97.0.4692.71 (adefa7837d02a07a604c1e6eff0b3a09422ab88d-refs/branch-heads/4692@{#1247}) on port 7160
Only local connections are allowed.
Please see https://chromedriver.chromium.org/security-considerations for suggestions on keeping ChromeDriver safe.
ChromeDriver was started successfully.
[1644759147.872][WARNING]: This version of ChromeDriver has not been tested with Chrome version 98.
Feb 13, 2022 7:02:28 PM org.openqa.selenium.remote.ProtocolHandshake createSession
INFO: Detected dialect: W3C
]]></system-err>
  </testcase>
  <testcase name="TC05_viewQuealthReport[Pavan.goundla+2210@zenq.com, Pavan@123](1)" classname="SeleniumJavaFramework.ReachHealthTests" time="9.993">
    <system-out><![CDATA[chrome
Page title name is REACHHealth
]]></system-out>
    <system-err><![CDATA[Starting ChromeDriver 97.0.4692.71 (adefa7837d02a07a604c1e6eff0b3a09422ab88d-refs/branch-heads/4692@{#1247}) on port 34775
Only local connections are allowed.
Please see https://chromedriver.chromium.org/security-considerations for suggestions on keeping ChromeDriver safe.
ChromeDriver was started successfully.
[1644759161.588][WARNING]: This version of ChromeDriver has not been tested with Chrome version 98.
Feb 13, 2022 7:02:41 PM org.openqa.selenium.remote.ProtocolHandshake createSession
INFO: Detected dialect: W3C
]]></system-err>
  </testcase>
  <testcase name="TC06_verifyAssessmentPageSections[Pavan.goundla+2210@zenq.com, Pavan@123](1)" classname="SeleniumJavaFramework.ReachHealthTests" time="8.532">
    <system-out><![CDATA[chrome
Page title name is REACHHealth
]]></system-out>
    <system-err><![CDATA[Starting ChromeDriver 97.0.4692.71 (adefa7837d02a07a604c1e6eff0b3a09422ab88d-refs/branch-heads/4692@{#1247}) on port 29669
Only local connections are allowed.
Please see https://chromedriver.chromium.org/security-considerations for suggestions on keeping ChromeDriver safe.
ChromeDriver was started successfully.
[1644759176.531][WARNING]: This version of ChromeDriver has not been tested with Chrome version 98.
Feb 13, 2022 7:02:56 PM org.openqa.selenium.remote.ProtocolHandshake createSession
INFO: Detected dialect: W3C
]]></system-err>
  </testcase>
  <testcase name="TC07_verifyGoalsPageSections[Pavan.goundla+2210@zenq.com, Pavan@123](1)" classname="SeleniumJavaFramework.ReachHealthTests" time="8.394">
    <system-out><![CDATA[chrome
Page title name is REACHHealth
]]></system-out>
    <system-err><![CDATA[Starting ChromeDriver 97.0.4692.71 (adefa7837d02a07a604c1e6eff0b3a09422ab88d-refs/branch-heads/4692@{#1247}) on port 25747
Only local connections are allowed.
Please see https://chromedriver.chromium.org/security-considerations for suggestions on keeping ChromeDriver safe.
ChromeDriver was started successfully.
[1644759190.808][WARNING]: This version of ChromeDriver has not been tested with Chrome version 98.
Feb 13, 2022 7:03:10 PM org.openqa.selenium.remote.ProtocolHandshake createSession
INFO: Detected dialect: W3C
]]></system-err>
  </testcase>
  <testcase name="TC08_verifyActivityPageSections[Pavan.goundla+2210@zenq.com, Pavan@123](1)" classname="SeleniumJavaFramework.ReachHealthTests" time="6.353">
    <system-out><![CDATA[chrome
Page title name is REACHHealth
]]></system-out>
    <system-err><![CDATA[Starting ChromeDriver 97.0.4692.71 (adefa7837d02a07a604c1e6eff0b3a09422ab88d-refs/branch-heads/4692@{#1247}) on port 23749
Only local connections are allowed.
Please see https://chromedriver.chromium.org/security-considerations for suggestions on keeping ChromeDriver safe.
ChromeDriver was started successfully.
[1644759203.944][WARNING]: This version of ChromeDriver has not been tested with Chrome version 98.
Feb 13, 2022 7:03:24 PM org.openqa.selenium.remote.ProtocolHandshake createSession
INFO: Detected dialect: W3C
]]></system-err>
  </testcase>
  <testcase name="TC09_verifyResourcesPageSections[Pavan.goundla+2210@zenq.com, Pavan@123](1)" classname="SeleniumJavaFramework.ReachHealthTests" time="9.915">
    <system-out><![CDATA[chrome
Page title name is REACHHealth
]]></system-out>
    <system-err><![CDATA[Starting ChromeDriver 97.0.4692.71 (adefa7837d02a07a604c1e6eff0b3a09422ab88d-refs/branch-heads/4692@{#1247}) on port 38993
Only local connections are allowed.
Please see https://chromedriver.chromium.org/security-considerations for suggestions on keeping ChromeDriver safe.
ChromeDriver was started successfully.
[1644759214.943][WARNING]: This version of ChromeDriver has not been tested with Chrome version 98.
Feb 13, 2022 7:03:35 PM org.openqa.selenium.remote.ProtocolHandshake createSession
INFO: Detected dialect: W3C
]]></system-err>
  </testcase>
  <testcase name="TC10_createAGoal[Pavan.goundla+2210@zenq.com, Pavan@123](1)" classname="SeleniumJavaFramework.ReachHealthTests" time="11.534">
    <system-out><![CDATA[chrome
Page title name is REACHHealth
13
Completed 13 Feb 2022
]]></system-out>
    <system-err><![CDATA[Starting ChromeDriver 97.0.4692.71 (adefa7837d02a07a604c1e6eff0b3a09422ab88d-refs/branch-heads/4692@{#1247}) on port 43562
Only local connections are allowed.
Please see https://chromedriver.chromium.org/security-considerations for suggestions on keeping ChromeDriver safe.
ChromeDriver was started successfully.
[1644759234.040][WARNING]: This version of ChromeDriver has not been tested with Chrome version 98.
Feb 13, 2022 7:03:54 PM org.openqa.selenium.remote.ProtocolHandshake createSession
INFO: Detected dialect: W3C
]]></system-err>
  </testcase>
  <testcase name="TC11_validateUserAccountSettings[Pavan.goundla+2210@zenq.com, Pavan@123](1)" classname="SeleniumJavaFramework.ReachHealthTests" time="9.344">
    <system-out><![CDATA[chrome
Page title name is REACHHealth
1
80
]]></system-out>
    <system-err><![CDATA[Starting ChromeDriver 97.0.4692.71 (adefa7837d02a07a604c1e6eff0b3a09422ab88d-refs/branch-heads/4692@{#1247}) on port 7471
Only local connections are allowed.
Please see https://chromedriver.chromium.org/security-considerations for suggestions on keeping ChromeDriver safe.
ChromeDriver was started successfully.
[1644759254.577][WARNING]: This version of ChromeDriver has not been tested with Chrome version 98.
Feb 13, 2022 7:04:14 PM org.openqa.selenium.remote.ProtocolHandshake createSession
INFO: Detected dialect: W3C
]]></system-err>
  </testcase>
  <testcase name="TC12_validateUserAchievements[Pavan.goundla+2210@zenq.com, Pavan@123](1)" classname="SeleniumJavaFramework.ReachHealthTests" time="9.617">
    <system-out><![CDATA[chrome
Page title name is REACHHealth
]]></system-out>
    <system-err><![CDATA[Starting ChromeDriver 97.0.4692.71 (adefa7837d02a07a604c1e6eff0b3a09422ab88d-refs/branch-heads/4692@{#1247}) on port 5216
Only local connections are allowed.
Please see https://chromedriver.chromium.org/security-considerations for suggestions on keeping ChromeDriver safe.
ChromeDriver was started successfully.
[1644759273.508][WARNING]: This version of ChromeDriver has not been tested with Chrome version 98.
Feb 13, 2022 7:04:33 PM org.openqa.selenium.remote.ProtocolHandshake createSession
INFO: Detected dialect: W3C
]]></system-err>
  </testcase>
  <testcase name="TC13_UpdateQuealthAssessmentWithPoorInputs[Pavan.goundla+2210@zenq.com, Pavan@123](1)" classname="SeleniumJavaFramework.ReachHealthTests" time="19.845">
    <system-out><![CDATA[chrome
Page title name is REACHHealth
Quealth
]]></system-out>
    <system-err><![CDATA[Starting ChromeDriver 97.0.4692.71 (adefa7837d02a07a604c1e6eff0b3a09422ab88d-refs/branch-heads/4692@{#1247}) on port 44165
Only local connections are allowed.
Please see https://chromedriver.chromium.org/security-considerations for suggestions on keeping ChromeDriver safe.
ChromeDriver was started successfully.
[1644759292.544][WARNING]: This version of ChromeDriver has not been tested with Chrome version 98.
Feb 13, 2022 7:04:52 PM org.openqa.selenium.remote.ProtocolHandshake createSession
INFO: Detected dialect: W3C
]]></system-err>
  </testcase>
  <testcase name="TC14_UpdateQuealthAssessmentWithGoodInputs[Pavan.goundla+2210@zenq.com, Pavan@123](1)" classname="SeleniumJavaFramework.ReachHealthTests" time="20.27">
    <system-out><![CDATA[chrome
Page title name is REACHHealth
Quealth
]]></system-out>
    <system-err><![CDATA[Starting ChromeDriver 97.0.4692.71 (adefa7837d02a07a604c1e6eff0b3a09422ab88d-refs/branch-heads/4692@{#1247}) on port 37074
Only local connections are allowed.
Please see https://chromedriver.chromium.org/security-considerations for suggestions on keeping ChromeDriver safe.
ChromeDriver was started successfully.
[1644759321.592][WARNING]: This version of ChromeDriver has not been tested with Chrome version 98.
Feb 13, 2022 7:05:21 PM org.openqa.selenium.remote.ProtocolHandshake createSession
INFO: Detected dialect: W3C
]]></system-err>
  </testcase>
  <testcase name="TC15_UpdateEnergyAssessmentWithGoodInputs[Pavan.goundla+2210@zenq.com, Pavan@123](1)" classname="SeleniumJavaFramework.ReachHealthTests" time="23.794">
    <system-out><![CDATA[chrome
Page title name is REACHHealth
]]></system-out>
    <system-err><![CDATA[Starting ChromeDriver 97.0.4692.71 (adefa7837d02a07a604c1e6eff0b3a09422ab88d-refs/branch-heads/4692@{#1247}) on port 20110
Only local connections are allowed.
Please see https://chromedriver.chromium.org/security-considerations for suggestions on keeping ChromeDriver safe.
ChromeDriver was started successfully.
[1644759351.748][WARNING]: This version of ChromeDriver has not been tested with Chrome version 98.
Feb 13, 2022 7:05:51 PM org.openqa.selenium.remote.ProtocolHandshake createSession
INFO: Detected dialect: W3C
]]></system-err>
  </testcase>
  <testcase name="TC16_UpdateFinancialAssessmentWithGoodInputs[Pavan.goundla+2210@zenq.com, Pavan@123](1)" classname="SeleniumJavaFramework.ReachHealthTests" time="23.583">
    <system-out><![CDATA[chrome
Page title name is REACHHealth
]]></system-out>
    <system-err><![CDATA[Starting ChromeDriver 97.0.4692.71 (adefa7837d02a07a604c1e6eff0b3a09422ab88d-refs/branch-heads/4692@{#1247}) on port 38162
Only local connections are allowed.
Please see https://chromedriver.chromium.org/security-considerations for suggestions on keeping ChromeDriver safe.
ChromeDriver was started successfully.
[1644759384.228][WARNING]: This version of ChromeDriver has not been tested with Chrome version 98.
Feb 13, 2022 7:06:24 PM org.openqa.selenium.remote.ProtocolHandshake createSession
INFO: Detected dialect: W3C
]]></system-err>
  </testcase>
  <testcase name="TC17_UpdateDepressionAssessmentWithGoodInputs[Pavan.goundla+2210@zenq.com, Pavan@123](1)" classname="SeleniumJavaFramework.ReachHealthTests" time="21.559">
    <system-out><![CDATA[chrome
Page title name is REACHHealth
]]></system-out>
    <system-err><![CDATA[Starting ChromeDriver 97.0.4692.71 (adefa7837d02a07a604c1e6eff0b3a09422ab88d-refs/branch-heads/4692@{#1247}) on port 7050
Only local connections are allowed.
Please see https://chromedriver.chromium.org/security-considerations for suggestions on keeping ChromeDriver safe.
ChromeDriver was started successfully.
[1644759416.818][WARNING]: This version of ChromeDriver has not been tested with Chrome version 98.
Feb 13, 2022 7:06:56 PM org.openqa.selenium.remote.ProtocolHandshake createSession
INFO: Detected dialect: W3C
]]></system-err>
  </testcase>
  <testcase name="TC18_UpdateAnxietyAssessmentWithGoodInputs[Pavan.goundla+2210@zenq.com, Pavan@123](1)" classname="SeleniumJavaFramework.ReachHealthTests" time="18.748">
    <system-out><![CDATA[chrome
Page title name is REACHHealth
]]></system-out>
    <system-err><![CDATA[Starting ChromeDriver 97.0.4692.71 (adefa7837d02a07a604c1e6eff0b3a09422ab88d-refs/branch-heads/4692@{#1247}) on port 19061
Only local connections are allowed.
Please see https://chromedriver.chromium.org/security-considerations for suggestions on keeping ChromeDriver safe.
ChromeDriver was started successfully.
[1644759447.142][WARNING]: This version of ChromeDriver has not been tested with Chrome version 98.
Feb 13, 2022 7:07:27 PM org.openqa.selenium.remote.ProtocolHandshake createSession
INFO: Detected dialect: W3C
]]></system-err>
  </testcase>
  <testcase name="TC19_UpdateAlcoholAssessmentWithGoodInputs[Pavan.goundla+2210@zenq.com, Pavan@123](1)" classname="SeleniumJavaFramework.ReachHealthTests" time="22.015">
    <system-out><![CDATA[chrome
Page title name is REACHHealth
]]></system-out>
    <system-err><![CDATA[Starting ChromeDriver 97.0.4692.71 (adefa7837d02a07a604c1e6eff0b3a09422ab88d-refs/branch-heads/4692@{#1247}) on port 17584
Only local connections are allowed.
Please see https://chromedriver.chromium.org/security-considerations for suggestions on keeping ChromeDriver safe.
ChromeDriver was started successfully.
[1644759475.053][WARNING]: This version of ChromeDriver has not been tested with Chrome version 98.
Feb 13, 2022 7:07:55 PM org.openqa.selenium.remote.ProtocolHandshake createSession
INFO: Detected dialect: W3C
]]></system-err>
  </testcase>
  <testcase name="TC20_UpdateMentalWellbeingAssessmentWithGoodInputs[Pavan.goundla+2210@zenq.com, Pavan@123](1)" classname="SeleniumJavaFramework.ReachHealthTests" time="26.576">
    <system-out><![CDATA[chrome
Page title name is REACHHealth
]]></system-out>
    <system-err><![CDATA[Starting ChromeDriver 97.0.4692.71 (adefa7837d02a07a604c1e6eff0b3a09422ab88d-refs/branch-heads/4692@{#1247}) on port 8800
Only local connections are allowed.
Please see https://chromedriver.chromium.org/security-considerations for suggestions on keeping ChromeDriver safe.
ChromeDriver was started successfully.
[1644759505.909][WARNING]: This version of ChromeDriver has not been tested with Chrome version 98.
Feb 13, 2022 7:08:25 PM org.openqa.selenium.remote.ProtocolHandshake createSession
INFO: Detected dialect: W3C
]]></system-err>
  </testcase>
</testsuite>